<?xml version="1.0" encoding="UTF-8"?>
<testsuites name="jest tests" tests="12" failures="0" errors="0" time="3.57">
  <testsuite name="WsTicketController (e2e)" errors="0" failures="0" skipped="0" timestamp="2025-12-20T14:47:26" time="3.426" tests="12">
    <testcase classname="WsTicketController (e2e) POST /external/trading/ws-ticket 应成功生成 WS Ticket" name="WsTicketController (e2e) POST /external/trading/ws-ticket 应成功生成 WS Ticket" time="0.066">
    </testcase>
    <testcase classname="WsTicketController (e2e) POST /external/trading/ws-ticket Ticket 应该是有效的 64 字符 hex 字符串" name="WsTicketController (e2e) POST /external/trading/ws-ticket Ticket 应该是有效的 64 字符 hex 字符串" time="0.011">
    </testcase>
    <testcase classname="WsTicketController (e2e) POST /external/trading/ws-ticket 应正确存储 Ticket 到 Redis" name="WsTicketController (e2e) POST /external/trading/ws-ticket 应正确存储 Ticket 到 Redis" time="0.01">
    </testcase>
    <testcase classname="WsTicketController (e2e) POST /external/trading/ws-ticket 无 Token 应返回 401" name="WsTicketController (e2e) POST /external/trading/ws-ticket 无 Token 应返回 401" time="0.004">
    </testcase>
    <testcase classname="WsTicketController (e2e) POST /external/trading/ws-ticket 无效 Token 应返回 401" name="WsTicketController (e2e) POST /external/trading/ws-ticket 无效 Token 应返回 401" time="0.003">
    </testcase>
    <testcase classname="WsTicketController (e2e) POST /external/trading/ws-ticket Redis 不可用时应返回 503" name="WsTicketController (e2e) POST /external/trading/ws-ticket Redis 不可用时应返回 503" time="0.014">
    </testcase>
    <testcase classname="WsTicketController (e2e) POST /external/trading/ws-ticket Redis 存储失败时应返回 503" name="WsTicketController (e2e) POST /external/trading/ws-ticket Redis 存储失败时应返回 503" time="0.009">
    </testcase>
    <testcase classname="WsTicketController (e2e) 响应时间 生成 WS Ticket 应在 500ms 内完成" name="WsTicketController (e2e) 响应时间 生成 WS Ticket 应在 500ms 内完成" time="0.009">
    </testcase>
    <testcase classname="WsTicketController (e2e) 频道权限 通配符 scope (*) 应返回所有频道" name="WsTicketController (e2e) 频道权限 通配符 scope (*) 应返回所有频道" time="0.008">
    </testcase>
    <testcase classname="WsTicketController (e2e) 频道权限 单个 scope 应返回对应频道" name="WsTicketController (e2e) 频道权限 单个 scope 应返回对应频道" time="0.009">
    </testcase>
    <testcase classname="WsTicketController (e2e) 频道权限 :write scope 应包含对应频道" name="WsTicketController (e2e) 频道权限 :write scope 应包含对应频道" time="0.008">
    </testcase>
    <testcase classname="WsTicketController (e2e) 频道权限 未知 scope 应返回空频道列表" name="WsTicketController (e2e) 频道权限 未知 scope 应返回空频道列表" time="0.009">
    </testcase>
  </testsuite>
</testsuites>