<?xml version="1.0" encoding="UTF-8"?>
<testsuites name="jest tests" tests="263" failures="0" errors="0" time="6.07">
  <testsuite name="HistoryController (e2e)" errors="0" failures="0" skipped="0" timestamp="2025-12-03T14:06:23" time="4.37" tests="27">
    <testcase classname="HistoryController (e2e) GET /tenant/history 应该返回历史订单列表（分页）" name="HistoryController (e2e) GET /tenant/history 应该返回历史订单列表（分页）" time="0.03">
    </testcase>
    <testcase classname="HistoryController (e2e) GET /tenant/history 支持分页参数" name="HistoryController (e2e) GET /tenant/history 支持分页参数" time="0.008">
    </testcase>
    <testcase classname="HistoryController (e2e) GET /tenant/history 支持时间范围过滤" name="HistoryController (e2e) GET /tenant/history 支持时间范围过滤" time="0.005">
    </testcase>
    <testcase classname="HistoryController (e2e) GET /tenant/history 支持品种过滤" name="HistoryController (e2e) GET /tenant/history 支持品种过滤" time="0.006">
    </testcase>
    <testcase classname="HistoryController (e2e) GET /tenant/history 支持用户过滤" name="HistoryController (e2e) GET /tenant/history 支持用户过滤" time="0.005">
    </testcase>
    <testcase classname="HistoryController (e2e) GET /tenant/history 无 Token 应返回 401" name="HistoryController (e2e) GET /tenant/history 无 Token 应返回 401" time="0.006">
    </testcase>
    <testcase classname="HistoryController (e2e) GET /tenant/history 所有角色应能访问" name="HistoryController (e2e) GET /tenant/history 所有角色应能访问" time="0.009">
    </testcase>
    <testcase classname="HistoryController (e2e) GET /tenant/history/stats 应该返回交易统计" name="HistoryController (e2e) GET /tenant/history/stats 应该返回交易统计" time="0.007">
    </testcase>
    <testcase classname="HistoryController (e2e) GET /tenant/history/stats 支持用户过滤" name="HistoryController (e2e) GET /tenant/history/stats 支持用户过滤" time="0.004">
    </testcase>
    <testcase classname="HistoryController (e2e) GET /tenant/history/stats 支持时间范围过滤" name="HistoryController (e2e) GET /tenant/history/stats 支持时间范围过滤" time="0.002">
    </testcase>
    <testcase classname="HistoryController (e2e) GET /tenant/history/stats 无 Token 应返回 401" name="HistoryController (e2e) GET /tenant/history/stats 无 Token 应返回 401" time="0.004">
    </testcase>
    <testcase classname="HistoryController (e2e) GET /tenant/history/export OWNER 应能导出历史数据 (CSV)" name="HistoryController (e2e) GET /tenant/history/export OWNER 应能导出历史数据 (CSV)" time="0.006">
    </testcase>
    <testcase classname="HistoryController (e2e) GET /tenant/history/export ADMIN 应能导出历史数据" name="HistoryController (e2e) GET /tenant/history/export ADMIN 应能导出历史数据" time="0.005">
    </testcase>
    <testcase classname="HistoryController (e2e) GET /tenant/history/export OPERATOR 无权导出历史数据" name="HistoryController (e2e) GET /tenant/history/export OPERATOR 无权导出历史数据" time="0.004">
    </testcase>
    <testcase classname="HistoryController (e2e) GET /tenant/history/export 支持时间范围过滤" name="HistoryController (e2e) GET /tenant/history/export 支持时间范围过滤" time="0.003">
    </testcase>
    <testcase classname="HistoryController (e2e) GET /tenant/history/user/:login 应该返回用户历史订单" name="HistoryController (e2e) GET /tenant/history/user/:login 应该返回用户历史订单" time="0.004">
    </testcase>
    <testcase classname="HistoryController (e2e) GET /tenant/history/user/:login login 参数必须是数字" name="HistoryController (e2e) GET /tenant/history/user/:login login 参数必须是数字" time="0.003">
    </testcase>
    <testcase classname="HistoryController (e2e) GET /tenant/history/user/:login 无 Token 应返回 401" name="HistoryController (e2e) GET /tenant/history/user/:login 无 Token 应返回 401" time="0.002">
    </testcase>
    <testcase classname="HistoryController (e2e) GET /tenant/history/user/:login/stats 应该返回用户交易统计" name="HistoryController (e2e) GET /tenant/history/user/:login/stats 应该返回用户交易统计" time="0.003">
    </testcase>
    <testcase classname="HistoryController (e2e) GET /tenant/history/user/:login/stats 无 Token 应返回 401" name="HistoryController (e2e) GET /tenant/history/user/:login/stats 无 Token 应返回 401" time="0.002">
    </testcase>
    <testcase classname="HistoryController (e2e) GET /tenant/history/:ticket 应该返回订单详情" name="HistoryController (e2e) GET /tenant/history/:ticket 应该返回订单详情" time="0.003">
    </testcase>
    <testcase classname="HistoryController (e2e) GET /tenant/history/:ticket ticket 参数必须是数字" name="HistoryController (e2e) GET /tenant/history/:ticket ticket 参数必须是数字" time="0.003">
    </testcase>
    <testcase classname="HistoryController (e2e) GET /tenant/history/:ticket 订单不存在应返回 500" name="HistoryController (e2e) GET /tenant/history/:ticket 订单不存在应返回 500" time="0.013">
    </testcase>
    <testcase classname="HistoryController (e2e) GET /tenant/history/:ticket 无 Token 应返回 401" name="HistoryController (e2e) GET /tenant/history/:ticket 无 Token 应返回 401" time="0.004">
    </testcase>
    <testcase classname="HistoryController (e2e) 中间件服务不可用 获取历史列表失败应返回错误" name="HistoryController (e2e) 中间件服务不可用 获取历史列表失败应返回错误" time="0.003">
    </testcase>
    <testcase classname="HistoryController (e2e) 响应时间 历史列表应在 500ms 内完成" name="HistoryController (e2e) 响应时间 历史列表应在 500ms 内完成" time="0.002">
    </testcase>
    <testcase classname="HistoryController (e2e) 响应时间 交易统计应在 300ms 内完成" name="HistoryController (e2e) 响应时间 交易统计应在 300ms 内完成" time="0.002">
    </testcase>
  </testsuite>
  <testsuite name="PositionsController (e2e)" errors="0" failures="0" skipped="0" timestamp="2025-12-03T14:06:23" time="4.388" tests="14">
    <testcase classname="PositionsController (e2e) GET /tenant/positions 应该返回持仓列表（分页）" name="PositionsController (e2e) GET /tenant/positions 应该返回持仓列表（分页）" time="0.038">
    </testcase>
    <testcase classname="PositionsController (e2e) GET /tenant/positions 支持分页参数" name="PositionsController (e2e) GET /tenant/positions 支持分页参数" time="0.006">
    </testcase>
    <testcase classname="PositionsController (e2e) GET /tenant/positions 支持品种过滤" name="PositionsController (e2e) GET /tenant/positions 支持品种过滤" time="0.006">
    </testcase>
    <testcase classname="PositionsController (e2e) GET /tenant/positions 支持方向过滤 (buy/sell)" name="PositionsController (e2e) GET /tenant/positions 支持方向过滤 (buy/sell)" time="0.004">
    </testcase>
    <testcase classname="PositionsController (e2e) GET /tenant/positions 支持用户过滤" name="PositionsController (e2e) GET /tenant/positions 支持用户过滤" time="0.005">
    </testcase>
    <testcase classname="PositionsController (e2e) GET /tenant/positions 无 Token 应返回 401" name="PositionsController (e2e) GET /tenant/positions 无 Token 应返回 401" time="0.004">
    </testcase>
    <testcase classname="PositionsController (e2e) GET /tenant/positions OPERATOR 角色应能访问" name="PositionsController (e2e) GET /tenant/positions OPERATOR 角色应能访问" time="0.004">
    </testcase>
    <testcase classname="PositionsController (e2e) GET /tenant/positions/stats 应该返回持仓统计" name="PositionsController (e2e) GET /tenant/positions/stats 应该返回持仓统计" time="0.003">
    </testcase>
    <testcase classname="PositionsController (e2e) GET /tenant/positions/stats 无 Token 应返回 401" name="PositionsController (e2e) GET /tenant/positions/stats 无 Token 应返回 401" time="0.006">
    </testcase>
    <testcase classname="PositionsController (e2e) GET /tenant/positions/stats/by-symbol 应该返回按品种统计" name="PositionsController (e2e) GET /tenant/positions/stats/by-symbol 应该返回按品种统计" time="0.003">
    </testcase>
    <testcase classname="PositionsController (e2e) GET /tenant/positions/stats/by-symbol 无 Token 应返回 401" name="PositionsController (e2e) GET /tenant/positions/stats/by-symbol 无 Token 应返回 401" time="0.002">
    </testcase>
    <testcase classname="PositionsController (e2e) 中间件服务不可用 获取持仓列表应正常处理（服务降级）" name="PositionsController (e2e) 中间件服务不可用 获取持仓列表应正常处理（服务降级）" time="0.004">
    </testcase>
    <testcase classname="PositionsController (e2e) 响应时间 持仓列表应在 500ms 内完成" name="PositionsController (e2e) 响应时间 持仓列表应在 500ms 内完成" time="0.003">
    </testcase>
    <testcase classname="PositionsController (e2e) 响应时间 持仓统计应在 300ms 内完成" name="PositionsController (e2e) 响应时间 持仓统计应在 300ms 内完成" time="0.003">
    </testcase>
  </testsuite>
  <testsuite name="DashboardController (e2e)" errors="0" failures="0" skipped="0" timestamp="2025-12-03T14:06:23" time="4.382" tests="14">
    <testcase classname="DashboardController (e2e) GET /tenant/dashboard 应该返回完整的 Dashboard 数据" name="DashboardController (e2e) GET /tenant/dashboard 应该返回完整的 Dashboard 数据" time="0.036">
    </testcase>
    <testcase classname="DashboardController (e2e) GET /tenant/dashboard 无 Token 应返回 401" name="DashboardController (e2e) GET /tenant/dashboard 无 Token 应返回 401" time="0.006">
    </testcase>
    <testcase classname="DashboardController (e2e) GET /tenant/dashboard 无效 Token 应返回 401" name="DashboardController (e2e) GET /tenant/dashboard 无效 Token 应返回 401" time="0.004">
    </testcase>
    <testcase classname="DashboardController (e2e) GET /tenant/dashboard OWNER 角色应能访问" name="DashboardController (e2e) GET /tenant/dashboard OWNER 角色应能访问" time="0.004">
    </testcase>
    <testcase classname="DashboardController (e2e) GET /tenant/dashboard OPERATOR 角色应能访问" name="DashboardController (e2e) GET /tenant/dashboard OPERATOR 角色应能访问" time="0.004">
    </testcase>
    <testcase classname="DashboardController (e2e) GET /tenant/dashboard/account 应该返回账户摘要" name="DashboardController (e2e) GET /tenant/dashboard/account 应该返回账户摘要" time="0.004">
    </testcase>
    <testcase classname="DashboardController (e2e) GET /tenant/dashboard/account 无 Token 应返回 401" name="DashboardController (e2e) GET /tenant/dashboard/account 无 Token 应返回 401" time="0.003">
    </testcase>
    <testcase classname="DashboardController (e2e) GET /tenant/dashboard/positions 应该返回持仓统计" name="DashboardController (e2e) GET /tenant/dashboard/positions 应该返回持仓统计" time="0.003">
    </testcase>
    <testcase classname="DashboardController (e2e) GET /tenant/dashboard/positions 无 Token 应返回 401" name="DashboardController (e2e) GET /tenant/dashboard/positions 无 Token 应返回 401" time="0.003">
    </testcase>
    <testcase classname="DashboardController (e2e) GET /tenant/dashboard/quick-stats 应该返回快速统计数据" name="DashboardController (e2e) GET /tenant/dashboard/quick-stats 应该返回快速统计数据" time="0.003">
    </testcase>
    <testcase classname="DashboardController (e2e) GET /tenant/dashboard/quick-stats 无 Token 应返回 401" name="DashboardController (e2e) GET /tenant/dashboard/quick-stats 无 Token 应返回 401" time="0.002">
    </testcase>
    <testcase classname="DashboardController (e2e) 中间件服务不可用 Dashboard 数据获取失败应正常处理" name="DashboardController (e2e) 中间件服务不可用 Dashboard 数据获取失败应正常处理" time="0.002">
    </testcase>
    <testcase classname="DashboardController (e2e) 响应时间 Dashboard 数据应在 1000ms 内完成" name="DashboardController (e2e) 响应时间 Dashboard 数据应在 1000ms 内完成" time="0.002">
    </testcase>
    <testcase classname="DashboardController (e2e) 响应时间 账户摘要应在 500ms 内完成" name="DashboardController (e2e) 响应时间 账户摘要应在 500ms 内完成" time="0.004">
    </testcase>
  </testsuite>
  <testsuite name="RiskController (e2e)" errors="0" failures="0" skipped="0" timestamp="2025-12-03T14:06:23" time="4.441" tests="30">
    <testcase classname="RiskController (e2e) GET /tenant/risk/alerts 应该返回预警列表（分页）" name="RiskController (e2e) GET /tenant/risk/alerts 应该返回预警列表（分页）" time="0.035">
    </testcase>
    <testcase classname="RiskController (e2e) GET /tenant/risk/alerts 支持分页参数" name="RiskController (e2e) GET /tenant/risk/alerts 支持分页参数" time="0.008">
    </testcase>
    <testcase classname="RiskController (e2e) GET /tenant/risk/alerts 支持类型过滤" name="RiskController (e2e) GET /tenant/risk/alerts 支持类型过滤" time="0.006">
    </testcase>
    <testcase classname="RiskController (e2e) GET /tenant/risk/alerts 支持级别过滤" name="RiskController (e2e) GET /tenant/risk/alerts 支持级别过滤" time="0.005">
    </testcase>
    <testcase classname="RiskController (e2e) GET /tenant/risk/alerts 无 Token 应返回 401" name="RiskController (e2e) GET /tenant/risk/alerts 无 Token 应返回 401" time="0.007">
    </testcase>
    <testcase classname="RiskController (e2e) GET /tenant/risk/alerts 所有角色应能访问" name="RiskController (e2e) GET /tenant/risk/alerts 所有角色应能访问" time="0.011">
    </testcase>
    <testcase classname="RiskController (e2e) GET /tenant/risk/stats 应该返回风控统计" name="RiskController (e2e) GET /tenant/risk/stats 应该返回风控统计" time="0.003">
    </testcase>
    <testcase classname="RiskController (e2e) GET /tenant/risk/stats 无 Token 应返回 401" name="RiskController (e2e) GET /tenant/risk/stats 无 Token 应返回 401" time="0.004">
    </testcase>
    <testcase classname="RiskController (e2e) POST /tenant/risk/alerts/mark-read 应该成功标记预警为已读" name="RiskController (e2e) POST /tenant/risk/alerts/mark-read 应该成功标记预警为已读" time="0.012">
    </testcase>
    <testcase classname="RiskController (e2e) POST /tenant/risk/alerts/mark-read 缺少 alertIds 字段应返回 400" name="RiskController (e2e) POST /tenant/risk/alerts/mark-read 缺少 alertIds 字段应返回 400" time="0.005">
    </testcase>
    <testcase classname="RiskController (e2e) POST /tenant/risk/alerts/mark-read alertIds 必须是字符串数组" name="RiskController (e2e) POST /tenant/risk/alerts/mark-read alertIds 必须是字符串数组" time="0.004">
    </testcase>
    <testcase classname="RiskController (e2e) POST /tenant/risk/alerts/mark-read 无 Token 应返回 401" name="RiskController (e2e) POST /tenant/risk/alerts/mark-read 无 Token 应返回 401" time="0.003">
    </testcase>
    <testcase classname="RiskController (e2e) POST /tenant/risk/alerts/mark-all-read 应该成功标记所有预警为已读" name="RiskController (e2e) POST /tenant/risk/alerts/mark-all-read 应该成功标记所有预警为已读" time="0.002">
    </testcase>
    <testcase classname="RiskController (e2e) POST /tenant/risk/alerts/mark-all-read 无 Token 应返回 401" name="RiskController (e2e) POST /tenant/risk/alerts/mark-all-read 无 Token 应返回 401" time="0.003">
    </testcase>
    <testcase classname="RiskController (e2e) DELETE /tenant/risk/alerts/:id OWNER 应能删除预警" name="RiskController (e2e) DELETE /tenant/risk/alerts/:id OWNER 应能删除预警" time="0.003">
    </testcase>
    <testcase classname="RiskController (e2e) DELETE /tenant/risk/alerts/:id ADMIN 应能删除预警" name="RiskController (e2e) DELETE /tenant/risk/alerts/:id ADMIN 应能删除预警" time="0.002">
    </testcase>
    <testcase classname="RiskController (e2e) DELETE /tenant/risk/alerts/:id OPERATOR 无权删除预警" name="RiskController (e2e) DELETE /tenant/risk/alerts/:id OPERATOR 无权删除预警" time="0.003">
    </testcase>
    <testcase classname="RiskController (e2e) DELETE /tenant/risk/alerts/:id 预警不存在时删除操作仍返回成功" name="RiskController (e2e) DELETE /tenant/risk/alerts/:id 预警不存在时删除操作仍返回成功" time="0.002">
    </testcase>
    <testcase classname="RiskController (e2e) DELETE /tenant/risk/alerts/:id 无 Token 应返回 401" name="RiskController (e2e) DELETE /tenant/risk/alerts/:id 无 Token 应返回 401" time="0.002">
    </testcase>
    <testcase classname="RiskController (e2e) GET /tenant/risk/config OWNER 应能获取风控配置" name="RiskController (e2e) GET /tenant/risk/config OWNER 应能获取风控配置" time="0.002">
    </testcase>
    <testcase classname="RiskController (e2e) GET /tenant/risk/config ADMIN 应能获取风控配置" name="RiskController (e2e) GET /tenant/risk/config ADMIN 应能获取风控配置" time="0.003">
    </testcase>
    <testcase classname="RiskController (e2e) GET /tenant/risk/config OPERATOR 无权获取风控配置" name="RiskController (e2e) GET /tenant/risk/config OPERATOR 无权获取风控配置" time="0.003">
    </testcase>
    <testcase classname="RiskController (e2e) GET /tenant/risk/config 无 Token 应返回 401" name="RiskController (e2e) GET /tenant/risk/config 无 Token 应返回 401" time="0.002">
    </testcase>
    <testcase classname="RiskController (e2e) PUT /tenant/risk/config OWNER 应能更新风控配置" name="RiskController (e2e) PUT /tenant/risk/config OWNER 应能更新风控配置" time="0.003">
    </testcase>
    <testcase classname="RiskController (e2e) PUT /tenant/risk/config ADMIN 应能更新风控配置" name="RiskController (e2e) PUT /tenant/risk/config ADMIN 应能更新风控配置" time="0.002">
    </testcase>
    <testcase classname="RiskController (e2e) PUT /tenant/risk/config OPERATOR 无权更新风控配置" name="RiskController (e2e) PUT /tenant/risk/config OPERATOR 无权更新风控配置" time="0.002">
    </testcase>
    <testcase classname="RiskController (e2e) PUT /tenant/risk/config 阈值必须是正数" name="RiskController (e2e) PUT /tenant/risk/config 阈值必须是正数" time="0.003">
    </testcase>
    <testcase classname="RiskController (e2e) PUT /tenant/risk/config 无 Token 应返回 401" name="RiskController (e2e) PUT /tenant/risk/config 无 Token 应返回 401" time="0.002">
    </testcase>
    <testcase classname="RiskController (e2e) 响应时间 预警列表应在 300ms 内完成" name="RiskController (e2e) 响应时间 预警列表应在 300ms 内完成" time="0.002">
    </testcase>
    <testcase classname="RiskController (e2e) 响应时间 风控统计应在 200ms 内完成" name="RiskController (e2e) 响应时间 风控统计应在 200ms 内完成" time="0.002">
    </testcase>
  </testsuite>
  <testsuite name="ReportsController (e2e)" errors="0" failures="0" skipped="0" timestamp="2025-12-03T14:06:23" time="4.458" tests="23">
    <testcase classname="ReportsController (e2e) GET /tenant/reports/trading 应该返回交易报表" name="ReportsController (e2e) GET /tenant/reports/trading 应该返回交易报表" time="0.034">
    </testcase>
    <testcase classname="ReportsController (e2e) GET /tenant/reports/trading 支持时间范围过滤" name="ReportsController (e2e) GET /tenant/reports/trading 支持时间范围过滤" time="0.007">
    </testcase>
    <testcase classname="ReportsController (e2e) GET /tenant/reports/trading 支持周期类型 (day/week/month)" name="ReportsController (e2e) GET /tenant/reports/trading 支持周期类型 (day/week/month)" time="0.004">
    </testcase>
    <testcase classname="ReportsController (e2e) GET /tenant/reports/trading 所有角色应能访问" name="ReportsController (e2e) GET /tenant/reports/trading 所有角色应能访问" time="0.008">
    </testcase>
    <testcase classname="ReportsController (e2e) GET /tenant/reports/trading 无 Token 应返回 401" name="ReportsController (e2e) GET /tenant/reports/trading 无 Token 应返回 401" time="0.003">
    </testcase>
    <testcase classname="ReportsController (e2e) GET /tenant/reports/users 应该返回用户报表" name="ReportsController (e2e) GET /tenant/reports/users 应该返回用户报表" time="0.003">
    </testcase>
    <testcase classname="ReportsController (e2e) GET /tenant/reports/users 支持时间范围过滤" name="ReportsController (e2e) GET /tenant/reports/users 支持时间范围过滤" time="0.004">
    </testcase>
    <testcase classname="ReportsController (e2e) GET /tenant/reports/users 无 Token 应返回 401" name="ReportsController (e2e) GET /tenant/reports/users 无 Token 应返回 401" time="0.003">
    </testcase>
    <testcase classname="ReportsController (e2e) GET /tenant/reports/finance 应该返回财务报表" name="ReportsController (e2e) GET /tenant/reports/finance 应该返回财务报表" time="0.003">
    </testcase>
    <testcase classname="ReportsController (e2e) GET /tenant/reports/finance 支持时间范围过滤" name="ReportsController (e2e) GET /tenant/reports/finance 支持时间范围过滤" time="0.002">
    </testcase>
    <testcase classname="ReportsController (e2e) GET /tenant/reports/finance 无 Token 应返回 401" name="ReportsController (e2e) GET /tenant/reports/finance 无 Token 应返回 401" time="0.002">
    </testcase>
    <testcase classname="ReportsController (e2e) POST /tenant/reports/:type/export 交易报表导出 OWNER 应能导出交易报表 (CSV)" name="ReportsController (e2e) POST /tenant/reports/:type/export 交易报表导出 OWNER 应能导出交易报表 (CSV)" time="0.003">
    </testcase>
    <testcase classname="ReportsController (e2e) POST /tenant/reports/:type/export 交易报表导出 ADMIN 应能导出交易报表" name="ReportsController (e2e) POST /tenant/reports/:type/export 交易报表导出 ADMIN 应能导出交易报表" time="0.003">
    </testcase>
    <testcase classname="ReportsController (e2e) POST /tenant/reports/:type/export 交易报表导出 OPERATOR 无权导出报表" name="ReportsController (e2e) POST /tenant/reports/:type/export 交易报表导出 OPERATOR 无权导出报表" time="0.002">
    </testcase>
    <testcase classname="ReportsController (e2e) POST /tenant/reports/:type/export 用户报表导出 应该成功导出用户报表" name="ReportsController (e2e) POST /tenant/reports/:type/export 用户报表导出 应该成功导出用户报表" time="0.004">
    </testcase>
    <testcase classname="ReportsController (e2e) POST /tenant/reports/:type/export 财务报表导出 应该成功导出财务报表" name="ReportsController (e2e) POST /tenant/reports/:type/export 财务报表导出 应该成功导出财务报表" time="0.002">
    </testcase>
    <testcase classname="ReportsController (e2e) POST /tenant/reports/:type/export 支持时间范围过滤" name="ReportsController (e2e) POST /tenant/reports/:type/export 支持时间范围过滤" time="0.003">
    </testcase>
    <testcase classname="ReportsController (e2e) POST /tenant/reports/:type/export 无效报表类型应返回 500" name="ReportsController (e2e) POST /tenant/reports/:type/export 无效报表类型应返回 500" time="0.006">
    </testcase>
    <testcase classname="ReportsController (e2e) POST /tenant/reports/:type/export 无 Token 应返回 401" name="ReportsController (e2e) POST /tenant/reports/:type/export 无 Token 应返回 401" time="0.002">
    </testcase>
    <testcase classname="ReportsController (e2e) 中间件服务不可用 获取交易报表应正常处理（服务降级）" name="ReportsController (e2e) 中间件服务不可用 获取交易报表应正常处理（服务降级）" time="0.002">
    </testcase>
    <testcase classname="ReportsController (e2e) 响应时间 交易报表应在 1000ms 内完成" name="ReportsController (e2e) 响应时间 交易报表应在 1000ms 内完成" time="0.002">
    </testcase>
    <testcase classname="ReportsController (e2e) 响应时间 用户报表应在 1000ms 内完成" name="ReportsController (e2e) 响应时间 用户报表应在 1000ms 内完成" time="0.002">
    </testcase>
    <testcase classname="ReportsController (e2e) 响应时间 财务报表应在 1000ms 内完成" name="ReportsController (e2e) 响应时间 财务报表应在 1000ms 内完成" time="0.003">
    </testcase>
  </testsuite>
  <testsuite name="UsersController (e2e)" errors="0" failures="0" skipped="0" timestamp="2025-12-03T14:06:23" time="4.462" tests="35">
    <testcase classname="UsersController (e2e) GET /tenant/users 应该返回用户列表（分页）" name="UsersController (e2e) GET /tenant/users 应该返回用户列表（分页）" time="0.033">
    </testcase>
    <testcase classname="UsersController (e2e) GET /tenant/users 支持分页参数" name="UsersController (e2e) GET /tenant/users 支持分页参数" time="0.007">
    </testcase>
    <testcase classname="UsersController (e2e) GET /tenant/users 支持搜索过滤" name="UsersController (e2e) GET /tenant/users 支持搜索过滤" time="0.005">
    </testcase>
    <testcase classname="UsersController (e2e) GET /tenant/users 支持组别过滤" name="UsersController (e2e) GET /tenant/users 支持组别过滤" time="0.004">
    </testcase>
    <testcase classname="UsersController (e2e) GET /tenant/users 支持状态过滤" name="UsersController (e2e) GET /tenant/users 支持状态过滤" time="0.004">
    </testcase>
    <testcase classname="UsersController (e2e) GET /tenant/users 无 Token 应返回 401" name="UsersController (e2e) GET /tenant/users 无 Token 应返回 401" time="0.004">
    </testcase>
    <testcase classname="UsersController (e2e) GET /tenant/users OPERATOR 角色应能访问" name="UsersController (e2e) GET /tenant/users OPERATOR 角色应能访问" time="0.003">
    </testcase>
    <testcase classname="UsersController (e2e) GET /tenant/users/groups 应该返回组别列表" name="UsersController (e2e) GET /tenant/users/groups 应该返回组别列表" time="0.002">
    </testcase>
    <testcase classname="UsersController (e2e) GET /tenant/users/groups 无 Token 应返回 401" name="UsersController (e2e) GET /tenant/users/groups 无 Token 应返回 401" time="0.003">
    </testcase>
    <testcase classname="UsersController (e2e) GET /tenant/users/:login 应该返回用户详情" name="UsersController (e2e) GET /tenant/users/:login 应该返回用户详情" time="0.004">
    </testcase>
    <testcase classname="UsersController (e2e) GET /tenant/users/:login login 参数必须是数字" name="UsersController (e2e) GET /tenant/users/:login login 参数必须是数字" time="0.005">
    </testcase>
    <testcase classname="UsersController (e2e) GET /tenant/users/:login 用户不存在应返回 500" name="UsersController (e2e) GET /tenant/users/:login 用户不存在应返回 500" time="0.007">
    </testcase>
    <testcase classname="UsersController (e2e) GET /tenant/users/:login 无 Token 应返回 401" name="UsersController (e2e) GET /tenant/users/:login 无 Token 应返回 401" time="0.003">
    </testcase>
    <testcase classname="UsersController (e2e) PUT /tenant/users/:login/group OWNER 应能修改用户组别" name="UsersController (e2e) PUT /tenant/users/:login/group OWNER 应能修改用户组别" time="0.009">
    </testcase>
    <testcase classname="UsersController (e2e) PUT /tenant/users/:login/group ADMIN 应能修改用户组别" name="UsersController (e2e) PUT /tenant/users/:login/group ADMIN 应能修改用户组别" time="0.003">
    </testcase>
    <testcase classname="UsersController (e2e) PUT /tenant/users/:login/group OPERATOR 无权修改用户组别" name="UsersController (e2e) PUT /tenant/users/:login/group OPERATOR 无权修改用户组别" time="0.004">
    </testcase>
    <testcase classname="UsersController (e2e) PUT /tenant/users/:login/group 缺少 group 字段应返回 400" name="UsersController (e2e) PUT /tenant/users/:login/group 缺少 group 字段应返回 400" time="0.003">
    </testcase>
    <testcase classname="UsersController (e2e) PUT /tenant/users/:login/group 无 Token 应返回 401" name="UsersController (e2e) PUT /tenant/users/:login/group 无 Token 应返回 401" time="0.003">
    </testcase>
    <testcase classname="UsersController (e2e) PUT /tenant/users/:login/leverage OWNER 应能修改用户杠杆" name="UsersController (e2e) PUT /tenant/users/:login/leverage OWNER 应能修改用户杠杆" time="0.002">
    </testcase>
    <testcase classname="UsersController (e2e) PUT /tenant/users/:login/leverage ADMIN 应能修改用户杠杆" name="UsersController (e2e) PUT /tenant/users/:login/leverage ADMIN 应能修改用户杠杆" time="0.003">
    </testcase>
    <testcase classname="UsersController (e2e) PUT /tenant/users/:login/leverage OPERATOR 无权修改用户杠杆" name="UsersController (e2e) PUT /tenant/users/:login/leverage OPERATOR 无权修改用户杠杆" time="0.002">
    </testcase>
    <testcase classname="UsersController (e2e) PUT /tenant/users/:login/leverage 杠杆值必须是正数" name="UsersController (e2e) PUT /tenant/users/:login/leverage 杠杆值必须是正数" time="0.003">
    </testcase>
    <testcase classname="UsersController (e2e) PUT /tenant/users/:login/status OWNER 应能修改用户状态" name="UsersController (e2e) PUT /tenant/users/:login/status OWNER 应能修改用户状态" time="0.002">
    </testcase>
    <testcase classname="UsersController (e2e) PUT /tenant/users/:login/status OPERATOR 无权修改用户状态" name="UsersController (e2e) PUT /tenant/users/:login/status OPERATOR 无权修改用户状态" time="0.003">
    </testcase>
    <testcase classname="UsersController (e2e) GET /tenant/users/:login/transactions 应该返回用户交易记录" name="UsersController (e2e) GET /tenant/users/:login/transactions 应该返回用户交易记录" time="0.003">
    </testcase>
    <testcase classname="UsersController (e2e) GET /tenant/users/:login/transactions 支持时间范围过滤" name="UsersController (e2e) GET /tenant/users/:login/transactions 支持时间范围过滤" time="0.002">
    </testcase>
    <testcase classname="UsersController (e2e) GET /tenant/users/:login/transactions 无 Token 应返回 401" name="UsersController (e2e) GET /tenant/users/:login/transactions 无 Token 应返回 401" time="0.001">
    </testcase>
    <testcase classname="UsersController (e2e) GET /tenant/users/:login/logs 应该返回用户操作日志" name="UsersController (e2e) GET /tenant/users/:login/logs 应该返回用户操作日志" time="0.003">
    </testcase>
    <testcase classname="UsersController (e2e) GET /tenant/users/:login/logs 无 Token 应返回 401" name="UsersController (e2e) GET /tenant/users/:login/logs 无 Token 应返回 401" time="0.002">
    </testcase>
    <testcase classname="UsersController (e2e) POST /tenant/users/export OWNER 应能导出用户数据 (CSV)" name="UsersController (e2e) POST /tenant/users/export OWNER 应能导出用户数据 (CSV)" time="0.003">
    </testcase>
    <testcase classname="UsersController (e2e) POST /tenant/users/export ADMIN 应能导出用户数据" name="UsersController (e2e) POST /tenant/users/export ADMIN 应能导出用户数据" time="0.002">
    </testcase>
    <testcase classname="UsersController (e2e) POST /tenant/users/export OPERATOR 无权导出用户数据" name="UsersController (e2e) POST /tenant/users/export OPERATOR 无权导出用户数据" time="0.002">
    </testcase>
    <testcase classname="UsersController (e2e) POST /tenant/users/export Excel 格式暂未实现应返回 501" name="UsersController (e2e) POST /tenant/users/export Excel 格式暂未实现应返回 501" time="0.003">
    </testcase>
    <testcase classname="UsersController (e2e) 响应时间 用户列表应在 500ms 内完成" name="UsersController (e2e) 响应时间 用户列表应在 500ms 内完成" time="0.002">
    </testcase>
    <testcase classname="UsersController (e2e) 响应时间 用户详情应在 300ms 内完成" name="UsersController (e2e) 响应时间 用户详情应在 300ms 内完成" time="0.001">
    </testcase>
  </testsuite>
  <testsuite name="QuotesController (e2e)" errors="0" failures="0" skipped="0" timestamp="2025-12-03T14:06:23" time="4.461" tests="25">
    <testcase classname="QuotesController (e2e) GET /tenant/quotes 应该返回报价列表" name="QuotesController (e2e) GET /tenant/quotes 应该返回报价列表" time="0.031">
    </testcase>
    <testcase classname="QuotesController (e2e) GET /tenant/quotes 支持搜索过滤" name="QuotesController (e2e) GET /tenant/quotes 支持搜索过滤" time="0.005">
    </testcase>
    <testcase classname="QuotesController (e2e) GET /tenant/quotes 无 Token 应返回 401" name="QuotesController (e2e) GET /tenant/quotes 无 Token 应返回 401" time="0.003">
    </testcase>
    <testcase classname="QuotesController (e2e) GET /tenant/quotes 所有角色应能访问" name="QuotesController (e2e) GET /tenant/quotes 所有角色应能访问" time="0.01">
    </testcase>
    <testcase classname="QuotesController (e2e) GET /tenant/quotes/symbols 应该返回品种列表" name="QuotesController (e2e) GET /tenant/quotes/symbols 应该返回品种列表" time="0.003">
    </testcase>
    <testcase classname="QuotesController (e2e) GET /tenant/quotes/symbols 无 Token 应返回 401" name="QuotesController (e2e) GET /tenant/quotes/symbols 无 Token 应返回 401" time="0.002">
    </testcase>
    <testcase classname="QuotesController (e2e) GET /tenant/quotes/favorites 应该返回自选列表" name="QuotesController (e2e) GET /tenant/quotes/favorites 应该返回自选列表" time="0.003">
    </testcase>
    <testcase classname="QuotesController (e2e) GET /tenant/quotes/favorites 无 Token 应返回 401" name="QuotesController (e2e) GET /tenant/quotes/favorites 无 Token 应返回 401" time="0.004">
    </testcase>
    <testcase classname="QuotesController (e2e) POST /tenant/quotes/favorites 应该成功添加自选品种" name="QuotesController (e2e) POST /tenant/quotes/favorites 应该成功添加自选品种" time="0.01">
    </testcase>
    <testcase classname="QuotesController (e2e) POST /tenant/quotes/favorites 缺少 symbol 字段应返回 400" name="QuotesController (e2e) POST /tenant/quotes/favorites 缺少 symbol 字段应返回 400" time="0.005">
    </testcase>
    <testcase classname="QuotesController (e2e) POST /tenant/quotes/favorites 无 Token 应返回 401" name="QuotesController (e2e) POST /tenant/quotes/favorites 无 Token 应返回 401" time="0.002">
    </testcase>
    <testcase classname="QuotesController (e2e) POST /tenant/quotes/favorites/batch 应该成功批量添加自选品种" name="QuotesController (e2e) POST /tenant/quotes/favorites/batch 应该成功批量添加自选品种" time="0.004">
    </testcase>
    <testcase classname="QuotesController (e2e) POST /tenant/quotes/favorites/batch 缺少 symbols 字段应返回 400" name="QuotesController (e2e) POST /tenant/quotes/favorites/batch 缺少 symbols 字段应返回 400" time="0.003">
    </testcase>
    <testcase classname="QuotesController (e2e) POST /tenant/quotes/favorites/batch symbols 必须是数组" name="QuotesController (e2e) POST /tenant/quotes/favorites/batch symbols 必须是数组" time="0.002">
    </testcase>
    <testcase classname="QuotesController (e2e) POST /tenant/quotes/favorites/remove 应该成功移除自选品种" name="QuotesController (e2e) POST /tenant/quotes/favorites/remove 应该成功移除自选品种" time="0.005">
    </testcase>
    <testcase classname="QuotesController (e2e) POST /tenant/quotes/favorites/remove 缺少 symbol 字段应返回 400" name="QuotesController (e2e) POST /tenant/quotes/favorites/remove 缺少 symbol 字段应返回 400" time="0.003">
    </testcase>
    <testcase classname="QuotesController (e2e) GET /tenant/quotes/:symbol 应该返回单个品种报价" name="QuotesController (e2e) GET /tenant/quotes/:symbol 应该返回单个品种报价" time="0.003">
    </testcase>
    <testcase classname="QuotesController (e2e) GET /tenant/quotes/:symbol 品种不存在应返回 500" name="QuotesController (e2e) GET /tenant/quotes/:symbol 品种不存在应返回 500" time="0.007">
    </testcase>
    <testcase classname="QuotesController (e2e) GET /tenant/quotes/:symbol 无 Token 应返回 401" name="QuotesController (e2e) GET /tenant/quotes/:symbol 无 Token 应返回 401" time="0.003">
    </testcase>
    <testcase classname="QuotesController (e2e) GET /tenant/quotes/:symbol/info 应该返回品种详细信息" name="QuotesController (e2e) GET /tenant/quotes/:symbol/info 应该返回品种详细信息" time="0.002">
    </testcase>
    <testcase classname="QuotesController (e2e) GET /tenant/quotes/:symbol/info 品种不存在应返回 500" name="QuotesController (e2e) GET /tenant/quotes/:symbol/info 品种不存在应返回 500" time="0.002">
    </testcase>
    <testcase classname="QuotesController (e2e) GET /tenant/quotes/:symbol/info 无 Token 应返回 401" name="QuotesController (e2e) GET /tenant/quotes/:symbol/info 无 Token 应返回 401" time="0.002">
    </testcase>
    <testcase classname="QuotesController (e2e) 中间件服务不可用 获取报价列表应正常处理（服务降级）" name="QuotesController (e2e) 中间件服务不可用 获取报价列表应正常处理（服务降级）" time="0.002">
    </testcase>
    <testcase classname="QuotesController (e2e) 响应时间 报价列表应在 300ms 内完成" name="QuotesController (e2e) 响应时间 报价列表应在 300ms 内完成" time="0.003">
    </testcase>
    <testcase classname="QuotesController (e2e) 响应时间 单个报价应在 100ms 内完成" name="QuotesController (e2e) 响应时间 单个报价应在 100ms 内完成" time="0.002">
    </testcase>
  </testsuite>
  <testsuite name="SettingsController (e2e)" errors="0" failures="0" skipped="0" timestamp="2025-12-03T14:06:23" time="4.532" tests="40">
    <testcase classname="SettingsController (e2e) GET /tenant/settings/branding 应该返回白标配置" name="SettingsController (e2e) GET /tenant/settings/branding 应该返回白标配置" time="0.034">
    </testcase>
    <testcase classname="SettingsController (e2e) GET /tenant/settings/branding 所有角色应能访问" name="SettingsController (e2e) GET /tenant/settings/branding 所有角色应能访问" time="0.012">
    </testcase>
    <testcase classname="SettingsController (e2e) GET /tenant/settings/branding 无 Token 应返回 401" name="SettingsController (e2e) GET /tenant/settings/branding 无 Token 应返回 401" time="0.006">
    </testcase>
    <testcase classname="SettingsController (e2e) PUT /tenant/settings/branding OWNER 应能更新白标配置" name="SettingsController (e2e) PUT /tenant/settings/branding OWNER 应能更新白标配置" time="0.012">
    </testcase>
    <testcase classname="SettingsController (e2e) PUT /tenant/settings/branding ADMIN 无权更新白标配置" name="SettingsController (e2e) PUT /tenant/settings/branding ADMIN 无权更新白标配置" time="0.004">
    </testcase>
    <testcase classname="SettingsController (e2e) PUT /tenant/settings/branding OPERATOR 无权更新白标配置" name="SettingsController (e2e) PUT /tenant/settings/branding OPERATOR 无权更新白标配置" time="0.003">
    </testcase>
    <testcase classname="SettingsController (e2e) PUT /tenant/settings/branding 无 Token 应返回 401" name="SettingsController (e2e) PUT /tenant/settings/branding 无 Token 应返回 401" time="0.003">
    </testcase>
    <testcase classname="SettingsController (e2e) GET /tenant/settings/admins OWNER 应能获取管理员列表" name="SettingsController (e2e) GET /tenant/settings/admins OWNER 应能获取管理员列表" time="0.003">
    </testcase>
    <testcase classname="SettingsController (e2e) GET /tenant/settings/admins ADMIN 无权获取管理员列表" name="SettingsController (e2e) GET /tenant/settings/admins ADMIN 无权获取管理员列表" time="0.004">
    </testcase>
    <testcase classname="SettingsController (e2e) GET /tenant/settings/admins OPERATOR 无权获取管理员列表" name="SettingsController (e2e) GET /tenant/settings/admins OPERATOR 无权获取管理员列表" time="0.002">
    </testcase>
    <testcase classname="SettingsController (e2e) GET /tenant/settings/admins 无 Token 应返回 401" name="SettingsController (e2e) GET /tenant/settings/admins 无 Token 应返回 401" time="0.002">
    </testcase>
    <testcase classname="SettingsController (e2e) POST /tenant/settings/admins OWNER 应能创建管理员" name="SettingsController (e2e) POST /tenant/settings/admins OWNER 应能创建管理员" time="0.051">
    </testcase>
    <testcase classname="SettingsController (e2e) POST /tenant/settings/admins ADMIN 无权创建管理员" name="SettingsController (e2e) POST /tenant/settings/admins ADMIN 无权创建管理员" time="0.003">
    </testcase>
    <testcase classname="SettingsController (e2e) POST /tenant/settings/admins 缺少必要字段应返回 400" name="SettingsController (e2e) POST /tenant/settings/admins 缺少必要字段应返回 400" time="0.003">
    </testcase>
    <testcase classname="SettingsController (e2e) POST /tenant/settings/admins 无效邮箱格式应返回 400" name="SettingsController (e2e) POST /tenant/settings/admins 无效邮箱格式应返回 400" time="0.003">
    </testcase>
    <testcase classname="SettingsController (e2e) PUT /tenant/settings/admins/:id OWNER 应能更新管理员" name="SettingsController (e2e) PUT /tenant/settings/admins/:id OWNER 应能更新管理员" time="0.003">
    </testcase>
    <testcase classname="SettingsController (e2e) PUT /tenant/settings/admins/:id 管理员不存在应返回 404" name="SettingsController (e2e) PUT /tenant/settings/admins/:id 管理员不存在应返回 404" time="0.004">
    </testcase>
    <testcase classname="SettingsController (e2e) POST /tenant/settings/admins/:id/reset-password OWNER 应能重置管理员密码" name="SettingsController (e2e) POST /tenant/settings/admins/:id/reset-password OWNER 应能重置管理员密码" time="0.045">
    </testcase>
    <testcase classname="SettingsController (e2e) POST /tenant/settings/admins/:id/reset-password 缺少新密码应返回 400" name="SettingsController (e2e) POST /tenant/settings/admins/:id/reset-password 缺少新密码应返回 400" time="0.003">
    </testcase>
    <testcase classname="SettingsController (e2e) POST /tenant/settings/admins/:id/reset-password 密码太短应返回 400" name="SettingsController (e2e) POST /tenant/settings/admins/:id/reset-password 密码太短应返回 400" time="0.002">
    </testcase>
    <testcase classname="SettingsController (e2e) DELETE /tenant/settings/admins/:id OWNER 应能删除管理员" name="SettingsController (e2e) DELETE /tenant/settings/admins/:id OWNER 应能删除管理员" time="0.002">
    </testcase>
    <testcase classname="SettingsController (e2e) DELETE /tenant/settings/admins/:id ADMIN 无权删除管理员" name="SettingsController (e2e) DELETE /tenant/settings/admins/:id ADMIN 无权删除管理员" time="0.002">
    </testcase>
    <testcase classname="SettingsController (e2e) GET /tenant/settings/api-keys OWNER 应能获取 API 密钥列表" name="SettingsController (e2e) GET /tenant/settings/api-keys OWNER 应能获取 API 密钥列表" time="0.002">
    </testcase>
    <testcase classname="SettingsController (e2e) GET /tenant/settings/api-keys ADMIN 应能获取 API 密钥列表" name="SettingsController (e2e) GET /tenant/settings/api-keys ADMIN 应能获取 API 密钥列表" time="0.002">
    </testcase>
    <testcase classname="SettingsController (e2e) GET /tenant/settings/api-keys OPERATOR 无权获取 API 密钥列表" name="SettingsController (e2e) GET /tenant/settings/api-keys OPERATOR 无权获取 API 密钥列表" time="0.002">
    </testcase>
    <testcase classname="SettingsController (e2e) GET /tenant/settings/api-keys 无 Token 应返回 401" name="SettingsController (e2e) GET /tenant/settings/api-keys 无 Token 应返回 401" time="0.002">
    </testcase>
    <testcase classname="SettingsController (e2e) POST /tenant/settings/api-keys 应该成功创建 API 密钥" name="SettingsController (e2e) POST /tenant/settings/api-keys 应该成功创建 API 密钥" time="0.002">
    </testcase>
    <testcase classname="SettingsController (e2e) POST /tenant/settings/api-keys 缺少 name 字段应返回 400" name="SettingsController (e2e) POST /tenant/settings/api-keys 缺少 name 字段应返回 400" time="0.002">
    </testcase>
    <testcase classname="SettingsController (e2e) DELETE /tenant/settings/api-keys/:id 应该成功删除 API 密钥" name="SettingsController (e2e) DELETE /tenant/settings/api-keys/:id 应该成功删除 API 密钥" time="0.002">
    </testcase>
    <testcase classname="SettingsController (e2e) DELETE /tenant/settings/api-keys/:id API 密钥不存在应返回 404" name="SettingsController (e2e) DELETE /tenant/settings/api-keys/:id API 密钥不存在应返回 404" time="0.002">
    </testcase>
    <testcase classname="SettingsController (e2e) GET /tenant/settings/notifications OWNER 应能获取通知设置" name="SettingsController (e2e) GET /tenant/settings/notifications OWNER 应能获取通知设置" time="0.003">
    </testcase>
    <testcase classname="SettingsController (e2e) GET /tenant/settings/notifications ADMIN 应能获取通知设置" name="SettingsController (e2e) GET /tenant/settings/notifications ADMIN 应能获取通知设置" time="0.003">
    </testcase>
    <testcase classname="SettingsController (e2e) GET /tenant/settings/notifications OPERATOR 无权获取通知设置" name="SettingsController (e2e) GET /tenant/settings/notifications OPERATOR 无权获取通知设置" time="0.002">
    </testcase>
    <testcase classname="SettingsController (e2e) PUT /tenant/settings/notifications 应该成功更新通知设置" name="SettingsController (e2e) PUT /tenant/settings/notifications 应该成功更新通知设置" time="0.003">
    </testcase>
    <testcase classname="SettingsController (e2e) PUT /tenant/settings/notifications 无效的 webhook URL 应返回 400" name="SettingsController (e2e) PUT /tenant/settings/notifications 无效的 webhook URL 应返回 400" time="0.002">
    </testcase>
    <testcase classname="SettingsController (e2e) GET /tenant/settings/mt5-server 应该返回 MT5 服务器信息" name="SettingsController (e2e) GET /tenant/settings/mt5-server 应该返回 MT5 服务器信息" time="0.002">
    </testcase>
    <testcase classname="SettingsController (e2e) GET /tenant/settings/mt5-server 所有角色应能访问" name="SettingsController (e2e) GET /tenant/settings/mt5-server 所有角色应能访问" time="0.005">
    </testcase>
    <testcase classname="SettingsController (e2e) GET /tenant/settings/mt5-server 无 Token 应返回 401" name="SettingsController (e2e) GET /tenant/settings/mt5-server 无 Token 应返回 401" time="0.001">
    </testcase>
    <testcase classname="SettingsController (e2e) 响应时间 白标配置应在 200ms 内完成" name="SettingsController (e2e) 响应时间 白标配置应在 200ms 内完成" time="0.001">
    </testcase>
    <testcase classname="SettingsController (e2e) 响应时间 管理员列表应在 300ms 内完成" name="SettingsController (e2e) 响应时间 管理员列表应在 300ms 内完成" time="0.002">
    </testcase>
  </testsuite>
  <testsuite name="AuthController (e2e)" errors="0" failures="0" skipped="0" timestamp="2025-12-03T14:06:23" time="4.775" tests="25">
    <testcase classname="AuthController (e2e) POST /tenant/auth/login 应该成功登录并返回令牌" name="AuthController (e2e) POST /tenant/auth/login 应该成功登录并返回令牌" time="0.092">
    </testcase>
    <testcase classname="AuthController (e2e) POST /tenant/auth/login 密码错误应返回 AUTH_401_001" name="AuthController (e2e) POST /tenant/auth/login 密码错误应返回 AUTH_401_001" time="0.051">
    </testcase>
    <testcase classname="AuthController (e2e) POST /tenant/auth/login 邮箱不存在应返回 AUTH_401_001" name="AuthController (e2e) POST /tenant/auth/login 邮箱不存在应返回 AUTH_401_001" time="0.004">
    </testcase>
    <testcase classname="AuthController (e2e) POST /tenant/auth/login 账号被禁用应返回 AUTH_403_001" name="AuthController (e2e) POST /tenant/auth/login 账号被禁用应返回 AUTH_403_001" time="0.046">
    </testcase>
    <testcase classname="AuthController (e2e) POST /tenant/auth/login 租户暂停应返回 TENANT_403_001" name="AuthController (e2e) POST /tenant/auth/login 租户暂停应返回 TENANT_403_001" time="0.043">
    </testcase>
    <testcase classname="AuthController (e2e) POST /tenant/auth/login 缺少必要字段应返回 400" name="AuthController (e2e) POST /tenant/auth/login 缺少必要字段应返回 400" time="0.003">
    </testcase>
    <testcase classname="AuthController (e2e) POST /tenant/auth/login 邮箱格式错误应返回 400" name="AuthController (e2e) POST /tenant/auth/login 邮箱格式错误应返回 400" time="0.003">
    </testcase>
    <testcase classname="AuthController (e2e) POST /tenant/auth/refresh 应该成功刷新令牌" name="AuthController (e2e) POST /tenant/auth/refresh 应该成功刷新令牌" time="0.046">
    </testcase>
    <testcase classname="AuthController (e2e) POST /tenant/auth/refresh 无效的 refreshToken 应返回 AUTH_401_002" name="AuthController (e2e) POST /tenant/auth/refresh 无效的 refreshToken 应返回 AUTH_401_002" time="0.002">
    </testcase>
    <testcase classname="AuthController (e2e) POST /tenant/auth/refresh 过期的 refreshToken 应返回 AUTH_401_002" name="AuthController (e2e) POST /tenant/auth/refresh 过期的 refreshToken 应返回 AUTH_401_002" time="0.003">
    </testcase>
    <testcase classname="AuthController (e2e) POST /tenant/auth/refresh 缺少 refreshToken 应返回 400" name="AuthController (e2e) POST /tenant/auth/refresh 缺少 refreshToken 应返回 400" time="0.002">
    </testcase>
    <testcase classname="AuthController (e2e) GET /tenant/auth/me 应该返回当前用户信息" name="AuthController (e2e) GET /tenant/auth/me 应该返回当前用户信息" time="0.003">
    </testcase>
    <testcase classname="AuthController (e2e) GET /tenant/auth/me 无 Token 应返回 401" name="AuthController (e2e) GET /tenant/auth/me 无 Token 应返回 401" time="0.002">
    </testcase>
    <testcase classname="AuthController (e2e) GET /tenant/auth/me 无效 Token 应返回 401" name="AuthController (e2e) GET /tenant/auth/me 无效 Token 应返回 401" time="0.002">
    </testcase>
    <testcase classname="AuthController (e2e) GET /tenant/auth/me 过期 Token 应返回 401" name="AuthController (e2e) GET /tenant/auth/me 过期 Token 应返回 401" time="0.001">
    </testcase>
    <testcase classname="AuthController (e2e) GET /tenant/auth/me OWNER 角色应能获取信息" name="AuthController (e2e) GET /tenant/auth/me OWNER 角色应能获取信息" time="0.002">
    </testcase>
    <testcase classname="AuthController (e2e) GET /tenant/auth/me OPERATOR 角色应能获取信息" name="AuthController (e2e) GET /tenant/auth/me OPERATOR 角色应能获取信息" time="0.002">
    </testcase>
    <testcase classname="AuthController (e2e) POST /tenant/auth/password 应该成功修改密码" name="AuthController (e2e) POST /tenant/auth/password 应该成功修改密码" time="0.081">
    </testcase>
    <testcase classname="AuthController (e2e) POST /tenant/auth/password 当前密码错误应返回 400" name="AuthController (e2e) POST /tenant/auth/password 当前密码错误应返回 400" time="0.041">
    </testcase>
    <testcase classname="AuthController (e2e) POST /tenant/auth/password 密码太短应返回 400" name="AuthController (e2e) POST /tenant/auth/password 密码太短应返回 400" time="0.002">
    </testcase>
    <testcase classname="AuthController (e2e) POST /tenant/auth/password 无 Token 应返回 401" name="AuthController (e2e) POST /tenant/auth/password 无 Token 应返回 401" time="0.002">
    </testcase>
    <testcase classname="AuthController (e2e) POST /tenant/auth/logout 应该成功登出" name="AuthController (e2e) POST /tenant/auth/logout 应该成功登出" time="0.002">
    </testcase>
    <testcase classname="AuthController (e2e) POST /tenant/auth/logout 无 Token 应返回 401" name="AuthController (e2e) POST /tenant/auth/logout 无 Token 应返回 401" time="0.001">
    </testcase>
    <testcase classname="AuthController (e2e) 响应时间 登录应在 500ms 内完成" name="AuthController (e2e) 响应时间 登录应在 500ms 内完成" time="0.045">
    </testcase>
    <testcase classname="AuthController (e2e) 响应时间 获取当前用户应在 200ms 内完成" name="AuthController (e2e) 响应时间 获取当前用户应在 200ms 内完成" time="0.002">
    </testcase>
  </testsuite>
  <testsuite name="WebSocketGateway (e2e)" errors="0" failures="0" skipped="0" timestamp="2025-12-03T14:06:23" time="5.375" tests="30">
    <testcase classname="WebSocketGateway (e2e) 连接认证 使用 auth.token 认证 有效 Token 应成功连接" name="WebSocketGateway (e2e) 连接认证 使用 auth.token 认证 有效 Token 应成功连接" time="0.036">
    </testcase>
    <testcase classname="WebSocketGateway (e2e) 连接认证 使用 auth.token 认证 无效 Token 应断开连接" name="WebSocketGateway (e2e) 连接认证 使用 auth.token 认证 无效 Token 应断开连接" time="0.008">
    </testcase>
    <testcase classname="WebSocketGateway (e2e) 连接认证 使用 auth.token 认证 过期 Token 应断开连接" name="WebSocketGateway (e2e) 连接认证 使用 auth.token 认证 过期 Token 应断开连接" time="0.006">
    </testcase>
    <testcase classname="WebSocketGateway (e2e) 连接认证 使用 query.token 认证 有效 Token 应成功连接" name="WebSocketGateway (e2e) 连接认证 使用 query.token 认证 有效 Token 应成功连接" time="0.006">
    </testcase>
    <testcase classname="WebSocketGateway (e2e) 连接认证 使用 Authorization Header 认证 有效 Token 应成功连接" name="WebSocketGateway (e2e) 连接认证 使用 Authorization Header 认证 有效 Token 应成功连接" time="0.005">
    </testcase>
    <testcase classname="WebSocketGateway (e2e) 连接认证 无 Token 连接 应返回错误并断开" name="WebSocketGateway (e2e) 连接认证 无 Token 连接 应返回错误并断开" time="0.004">
    </testcase>
    <testcase classname="WebSocketGateway (e2e) 连接认证 不同角色连接 OWNER 应能成功连接" name="WebSocketGateway (e2e) 连接认证 不同角色连接 OWNER 应能成功连接" time="0.004">
    </testcase>
    <testcase classname="WebSocketGateway (e2e) 连接认证 不同角色连接 OPERATOR 应能成功连接" name="WebSocketGateway (e2e) 连接认证 不同角色连接 OPERATOR 应能成功连接" time="0.003">
    </testcase>
    <testcase classname="WebSocketGateway (e2e) 频道订阅 quotes 频道 订阅报价应返回确认" name="WebSocketGateway (e2e) 频道订阅 quotes 频道 订阅报价应返回确认" time="0.005">
    </testcase>
    <testcase classname="WebSocketGateway (e2e) 频道订阅 quotes 频道 取消订阅报价应返回确认" name="WebSocketGateway (e2e) 频道订阅 quotes 频道 取消订阅报价应返回确认" time="0.004">
    </testcase>
    <testcase classname="WebSocketGateway (e2e) 频道订阅 quotes 频道 订阅不带 symbols 的 quotes 不应触发确认" name="WebSocketGateway (e2e) 频道订阅 quotes 频道 订阅不带 symbols 的 quotes 不应触发确认" time="1.022">
    </testcase>
    <testcase classname="WebSocketGateway (e2e) 频道订阅 positions 频道 订阅持仓应返回确认" name="WebSocketGateway (e2e) 频道订阅 positions 频道 订阅持仓应返回确认" time="0.003">
    </testcase>
    <testcase classname="WebSocketGateway (e2e) 频道订阅 positions 频道 取消订阅持仓应返回确认" name="WebSocketGateway (e2e) 频道订阅 positions 频道 取消订阅持仓应返回确认" time="0.003">
    </testcase>
    <testcase classname="WebSocketGateway (e2e) 频道订阅 trades 频道 订阅交易应返回确认" name="WebSocketGateway (e2e) 频道订阅 trades 频道 订阅交易应返回确认" time="0.002">
    </testcase>
    <testcase classname="WebSocketGateway (e2e) 频道订阅 alerts 频道 订阅预警应返回确认" name="WebSocketGateway (e2e) 频道订阅 alerts 频道 订阅预警应返回确认" time="0.002">
    </testcase>
    <testcase classname="WebSocketGateway (e2e) 频道订阅 未知频道 订阅未知频道应返回错误" name="WebSocketGateway (e2e) 频道订阅 未知频道 订阅未知频道应返回错误" time="0.002">
    </testcase>
    <testcase classname="WebSocketGateway (e2e) 心跳检测 ping 应返回 pong" name="WebSocketGateway (e2e) 心跳检测 ping 应返回 pong" time="0.002">
    </testcase>
    <testcase classname="WebSocketGateway (e2e) 心跳检测 多次 ping 应全部响应" name="WebSocketGateway (e2e) 心跳检测 多次 ping 应全部响应" time="0.002">
    </testcase>
    <testcase classname="WebSocketGateway (e2e) 未认证操作 未认证客户端订阅应返回错误" name="WebSocketGateway (e2e) 未认证操作 未认证客户端订阅应返回错误" time="0.002">
    </testcase>
    <testcase classname="WebSocketGateway (e2e) 消息格式验证 connection_status 格式验证" name="WebSocketGateway (e2e) 消息格式验证 connection_status 格式验证" time="0.006">
    </testcase>
    <testcase classname="WebSocketGateway (e2e) 消息格式验证 subscribed 格式验证 (quotes)" name="WebSocketGateway (e2e) 消息格式验证 subscribed 格式验证 (quotes)" time="0.004">
    </testcase>
    <testcase classname="WebSocketGateway (e2e) 消息格式验证 subscribed 格式验证 (positions)" name="WebSocketGateway (e2e) 消息格式验证 subscribed 格式验证 (positions)" time="0.002">
    </testcase>
    <testcase classname="WebSocketGateway (e2e) 消息格式验证 unsubscribed 格式验证" name="WebSocketGateway (e2e) 消息格式验证 unsubscribed 格式验证" time="0.005">
    </testcase>
    <testcase classname="WebSocketGateway (e2e) 消息格式验证 pong 格式验证" name="WebSocketGateway (e2e) 消息格式验证 pong 格式验证" time="0.003">
    </testcase>
    <testcase classname="WebSocketGateway (e2e) 消息格式验证 error 格式验证" name="WebSocketGateway (e2e) 消息格式验证 error 格式验证" time="0.002">
    </testcase>
    <testcase classname="WebSocketGateway (e2e) 并发连接 多个客户端可同时连接" name="WebSocketGateway (e2e) 并发连接 多个客户端可同时连接" time="0.004">
    </testcase>
    <testcase classname="WebSocketGateway (e2e) 并发连接 每个客户端可独立订阅" name="WebSocketGateway (e2e) 并发连接 每个客户端可独立订阅" time="0.004">
    </testcase>
    <testcase classname="WebSocketGateway (e2e) 响应时间 连接应在 2000ms 内完成" name="WebSocketGateway (e2e) 响应时间 连接应在 2000ms 内完成" time="0.004">
    </testcase>
    <testcase classname="WebSocketGateway (e2e) 响应时间 ping-pong 应在 100ms 内完成" name="WebSocketGateway (e2e) 响应时间 ping-pong 应在 100ms 内完成" time="0.002">
    </testcase>
    <testcase classname="WebSocketGateway (e2e) 响应时间 订阅应在 100ms 内响应" name="WebSocketGateway (e2e) 响应时间 订阅应在 100ms 内响应" time="0.002">
    </testcase>
  </testsuite>
</testsuites>